<?xml version="1.0" encoding="UTF-8"?>
<!-- Generated by org.testng.reporters.JUnitReportReporter -->
<testsuite hostname="NIBC2445" name="Scenarios.PhaseI.WalkInReservation_CustwalkPutUnitHoldWlkSheetShowSpaces_13912" tests="1" failures="0" timestamp="29 Aug 2016 16:09:14 GMT" time="102.723" errors="0">
  <testcase name="WalkInReservation_CustwalkPutUnitHoldWlkSheetShowSpaces_13912" time="102.723" classname="Scenarios.PhaseI.WalkInReservation_CustwalkPutUnitHoldWlkSheetShowSpaces_13912"/>
</testsuite> <!-- Scenarios.PhaseI.WalkInReservation_CustwalkPutUnitHoldWlkSheetShowSpaces_13912 -->
