<?xml version="1.0" encoding="UTF-8"?>
<!-- Generated by org.testng.reporters.JUnitReportReporter -->
<testsuite hostname="NIBC2445" name="Scenarios.AutoPay.EditAutopay_Ind_Check" tests="1" failures="0" timestamp="28 Sep 2016 12:17:33 GMT" time="337.731" errors="0">
  <testcase name="EditAutopay_Ind_Check" time="337.731" classname="Scenarios.AutoPay.EditAutopay_Ind_Check"/>
</testsuite> <!-- Scenarios.AutoPay.EditAutopay_Ind_Check -->
