<?xml version="1.0" encoding="UTF-8"?>
<!-- Generated by org.testng.reporters.JUnitReportReporter -->
<testsuite hostname="NIBC2445" name="Scenarios.PhaseI.AutoPay_13699" tests="1" failures="0" timestamp="4 Oct 2016 05:59:29 GMT" time="314.751" errors="0">
  <testcase name="advSearchwithName" time="314.751" classname="Scenarios.PhaseI.AutoPay_13699"/>
</testsuite> <!-- Scenarios.PhaseI.AutoPay_13699 -->
