<?xml version="1.0" encoding="UTF-8"?>
<!-- Generated by org.testng.reporters.JUnitReportReporter -->
<testsuite hostname="NIBC2445" name="Scenarios.CustomerSearch.AdvancedSearchUsingState_SpaceNumber_CurrentlyRenting" tests="1" failures="0" timestamp="17 Sep 2016 13:43:06 GMT" time="128.358" errors="0">
  <testcase name="AdvancedSearchUsingState_FirstName" time="128.358" classname="Scenarios.CustomerSearch.AdvancedSearchUsingState_SpaceNumber_CurrentlyRenting"/>
</testsuite> <!-- Scenarios.CustomerSearch.AdvancedSearchUsingState_SpaceNumber_CurrentlyRenting -->
