<?xml version="1.0" encoding="UTF-8"?>
<!-- Generated by org.testng.reporters.JUnitReportReporter -->
<testsuite hostname="NIBC2445" name="Scenarios.AutoPay.EditAutopay_Bus_Check" tests="1" failures="0" timestamp="28 Sep 2016 05:07:21 GMT" time="228.905" errors="0">
  <testcase name="EditAutopay_Bus_Check" time="228.905" classname="Scenarios.AutoPay.EditAutopay_Bus_Check"/>
</testsuite> <!-- Scenarios.AutoPay.EditAutopay_Bus_Check -->
