<?xml version="1.0" encoding="UTF-8"?>
<!-- Generated by org.testng.reporters.JUnitReportReporter -->
<testsuite hostname="NIBC2466" name="Scenarios.Leasing.Leasing_LeaseUsingExistnigBusinessAccount" tests="1" failures="0" timestamp="28 Nov 2016 06:42:42 GMT" time="45.259" errors="0">
  <testcase name="Leasing_LeaseUsingExistnigAccount" time="45.259" classname="Scenarios.Leasing.Leasing_LeaseUsingExistnigBusinessAccount"/>
</testsuite> <!-- Scenarios.Leasing.Leasing_LeaseUsingExistnigBusinessAccount -->
