<?xml version="1.0" encoding="UTF-8"?>
<!-- Generated by org.testng.reporters.JUnitReportReporter -->
<testsuite hostname="NIBC2466" name="Scenarios.WalkinReservationLease.CreateReservation_Existing_Individual" tests="1" failures="0" timestamp="9 Dec 2016 10:19:43 GMT" time="125.957" errors="0">
  <testcase name="CreateReservation_Existing_Individual" time="125.957" classname="Scenarios.WalkinReservationLease.CreateReservation_Existing_Individual"/>
</testsuite> <!-- Scenarios.WalkinReservationLease.CreateReservation_Existing_Individual -->
