<?xml version="1.0" encoding="UTF-8"?>
<!-- Generated by org.testng.reporters.JUnitReportReporter -->
<testsuite hostname="NIBC2445" name="Scenarios.PhaseIDemo.WalkInReservation_CustWlkInMkeResSpaceReqDeposit_13446" tests="1" failures="0" timestamp="12 Sep 2016 16:57:35 GMT" time="26.892" errors="0">
  <testcase name="WalkInReservation_CustWlkInMkeResSpaceReqDeposit_13446" time="26.892" classname="Scenarios.PhaseIDemo.WalkInReservation_CustWlkInMkeResSpaceReqDeposit_13446"/>
</testsuite> <!-- Scenarios.PhaseIDemo.WalkInReservation_CustWlkInMkeResSpaceReqDeposit_13446 -->
