<?xml version="1.0" encoding="UTF-8"?>
<!-- Generated by org.testng.reporters.JUnitReportReporter -->
<testsuite hostname="NIBC2445" name="Scenarios.CustomerSearch.Advanced_Search_ZipCode_email" tests="1" failures="0" timestamp="21 Sep 2016 09:09:03 GMT" time="169.284" errors="0">
  <testcase name="Advanced_Search_ZipCode_email" time="169.284" classname="Scenarios.CustomerSearch.Advanced_Search_ZipCode_email"/>
</testsuite> <!-- Scenarios.CustomerSearch.Advanced_Search_ZipCode_email -->
