<?xml version="1.0" encoding="UTF-8"?>
<!-- Generated by org.testng.reporters.JUnitReportReporter -->
<testsuite hostname="NIBC2466" name="Scenarios.Leasing.Leasing_AddNoteForLeasingPages" tests="1" failures="0" timestamp="13 Oct 2016 11:40:57 GMT" time="446.049" errors="0">
  <testcase name="AddNoteForLeasingPages" time="446.049" classname="Scenarios.Leasing.Leasing_AddNoteForLeasingPages"/>
</testsuite> <!-- Scenarios.Leasing.Leasing_AddNoteForLeasingPages -->
