<?xml version="1.0" encoding="UTF-8"?>
<!-- Generated by org.testng.reporters.JUnitReportReporter -->
<testsuite hostname="NIBC2445" name="Scenarios.PhaseIDemo.ViewAutopayDetails" tests="1" failures="0" timestamp="13 Sep 2016 13:17:39 GMT" time="150.168" errors="0">
  <testcase name="advSearchwithName" time="150.168" classname="Scenarios.PhaseIDemo.ViewAutopayDetails"/>
</testsuite> <!-- Scenarios.PhaseIDemo.ViewAutopayDetails -->
