<?xml version="1.0" encoding="UTF-8"?>
<!-- Generated by org.testng.reporters.JUnitReportReporter -->
<testsuite hostname="NIBC2466" name="Scenarios.WalkinReservationLease.CreateReservation_NewCustomer_Business" tests="1" failures="0" timestamp="22 Dec 2016 09:32:53 GMT" time="260.469" errors="0">
  <testcase name="CreateReservation_NewCustomer_Business" time="260.469" classname="Scenarios.WalkinReservationLease.CreateReservation_NewCustomer_Business"/>
</testsuite> <!-- Scenarios.WalkinReservationLease.CreateReservation_NewCustomer_Business -->
