<?xml version="1.0" encoding="UTF-8"?>
<!-- Generated by org.testng.reporters.JUnitReportReporter -->
<testsuite hostname="NIBC2445" name="Scenarios.AutoPay_13699" tests="1" failures="0" timestamp="24 Aug 2016 13:37:42 GMT" time="250.739" errors="0">
  <testcase name="advSearchwithName" time="250.739" classname="Scenarios.AutoPay_13699"/>
</testsuite> <!-- Scenarios.AutoPay_13699 -->
