<?xml version="1.0" encoding="UTF-8"?>
<!-- Generated by org.testng.reporters.JUnitReportReporter -->
<testsuite hostname="NIBC2466" name="Scenarios.WalkinReservationLease.ViewRes_ChangeSpaceToAnotherSpace" tests="1" failures="0" timestamp="22 Dec 2016 11:41:06 GMT" time="174.072" errors="0">
  <testcase name="ViewReservationChangeSpace" time="174.072" classname="Scenarios.WalkinReservationLease.ViewRes_ChangeSpaceToAnotherSpace"/>
</testsuite> <!-- Scenarios.WalkinReservationLease.ViewRes_ChangeSpaceToAnotherSpace -->
