<?xml version="1.0" encoding="UTF-8"?>
<!-- Generated by org.testng.reporters.JUnitReportReporter -->
<testsuite hostname="NIBC2445" name="Scenarios.PhaseI.WalkInReservation_CustWlkInMkeResSpaceReqDeposit_13446" tests="1" failures="0" timestamp="30 Aug 2016 12:05:43 GMT" time="230.976" errors="0">
  <testcase name="WalkInReservation_CustWlkInMkeResSpaceReqDeposit_13446" time="230.976" classname="Scenarios.PhaseI.WalkInReservation_CustWlkInMkeResSpaceReqDeposit_13446"/>
</testsuite> <!-- Scenarios.PhaseI.WalkInReservation_CustWlkInMkeResSpaceReqDeposit_13446 -->
