<?xml version="1.0" encoding="UTF-8"?>
<!-- Generated by org.testng.reporters.JUnitReportReporter -->
<testsuite hostname="NIBC2466" name="Scenarios.WalkinReservationLease.CheckReservation_Expired_Reservation_Individual" tests="1" failures="0" timestamp="22 Dec 2016 11:21:21 GMT" time="64.421" errors="0">
  <testcase name="CheckReservation_Expired_Reservation_Individual" time="64.421" classname="Scenarios.WalkinReservationLease.CheckReservation_Expired_Reservation_Individual"/>
</testsuite> <!-- Scenarios.WalkinReservationLease.CheckReservation_Expired_Reservation_Individual -->
