<?xml version="1.0" encoding="UTF-8"?>
<!-- Generated by org.testng.reporters.JUnitReportReporter -->
<testsuite hostname="NIBC2466" name="Scenarios.AWB.Auction_approvalbutonshowsfor_DM_under_unit_details" tests="1" failures="0" timestamp="18 Nov 2016 06:54:02 GMT" time="123.751" errors="0">
  <testcase name="Auction_approvalbutonshowsfor_DM_under_unit_details" time="123.751" classname="Scenarios.AWB.Auction_approvalbutonshowsfor_DM_under_unit_details"/>
</testsuite> <!-- Scenarios.AWB.Auction_approvalbutonshowsfor_DM_under_unit_details -->
