<?xml version="1.0" encoding="UTF-8"?>
<!-- Generated by org.testng.reporters.JUnitReportReporter -->
<testsuite hostname="NIBC2445" name="Scenarios.CustomerSearch.AdvancedSearchUsingState_SpaceNumber_FormerCustomer" tests="1" failures="0" timestamp="22 Sep 2016 07:35:45 GMT" time="10.916" errors="0">
  <testcase name="AdvancedSearchUsingState_FirstName" time="10.916" classname="Scenarios.CustomerSearch.AdvancedSearchUsingState_SpaceNumber_FormerCustomer"/>
</testsuite> <!-- Scenarios.CustomerSearch.AdvancedSearchUsingState_SpaceNumber_FormerCustomer -->
