<?xml version="1.0" encoding="UTF-8"?>
<!-- Generated by org.testng.reporters.JUnitReportReporter -->
<testsuite hostname="NIBC2466" name="Scenarios.WalkinReservationLease.CreateReservation_NewCustomer_Individual" tests="1" failures="0" timestamp="18 Jan 2017 11:53:10 GMT" time="340.150" errors="0">
  <testcase name="CreateReservation_NewCustomer_Individual" time="340.150" classname="Scenarios.WalkinReservationLease.CreateReservation_NewCustomer_Individual"/>
</testsuite> <!-- Scenarios.WalkinReservationLease.CreateReservation_NewCustomer_Individual -->
