<?xml version="1.0" encoding="UTF-8"?>
<!-- Generated by org.testng.reporters.JUnitReportReporter -->
<testsuite hostname="NIBC2445" name="Scenarios.PhaseIDemo.AutoPay_13695" tests="1" failures="0" timestamp="12 Sep 2016 17:38:30 GMT" time="191.362" errors="0">
  <testcase name="advSearchwithName" time="191.362" classname="Scenarios.PhaseIDemo.AutoPay_13695"/>
</testsuite> <!-- Scenarios.PhaseIDemo.AutoPay_13695 -->
