<?xml version="1.0" encoding="UTF-8"?>
<!-- Generated by org.testng.reporters.JUnitReportReporter -->
<testsuite hostname="NIBC2466" name="Scenarios.Leasing.Leasing_LeaseUsingExistnigIndividualAccount" tests="1" failures="0" timestamp="28 Nov 2016 14:57:37 GMT" time="270.177" errors="0">
  <testcase name="Leasing_LeaseUsingExistnigIndividualAccount" time="270.177" classname="Scenarios.Leasing.Leasing_LeaseUsingExistnigIndividualAccount"/>
</testsuite> <!-- Scenarios.Leasing.Leasing_LeaseUsingExistnigIndividualAccount -->
