<?xml version="1.0" encoding="UTF-8"?>
<!-- Generated by org.testng.reporters.JUnitReportReporter -->
<testsuite hostname="NIBC2466" name="Scenarios.Inventary.Inventory_Management" tests="1" failures="0" timestamp="24 Nov 2016 12:43:39 GMT" time="333.005" errors="0">
  <testcase name="Inventory_Management" time="333.005" classname="Scenarios.Inventary.Inventory_Management"/>
</testsuite> <!-- Scenarios.Inventary.Inventory_Management -->
