<?xml version="1.0" encoding="UTF-8"?>
<!-- Generated by org.testng.reporters.JUnitReportReporter -->
<testsuite hostname="NIBC2466" name="Scenarios.WalkinReservationLease.EditReservation_NewCustomer_Individual" tests="1" failures="0" timestamp="17 Jan 2017 12:17:28 GMT" time="180.893" errors="0">
  <testcase name="reservation_Existingcustomer_Individual" time="180.893" classname="Scenarios.WalkinReservationLease.EditReservation_NewCustomer_Individual"/>
</testsuite> <!-- Scenarios.WalkinReservationLease.EditReservation_NewCustomer_Individual -->
