<?xml version="1.0" encoding="UTF-8"?>
<!-- Generated by org.testng.reporters.JUnitReportReporter -->
<testsuite hostname="NIBC2466" name="Scenarios.WalkinReservationLease.test" tests="1" failures="0" timestamp="20 Dec 2016 06:29:05 GMT" time="8.762" errors="0">
  <testcase name="test" time="8.762" classname="Scenarios.WalkinReservationLease.test"/>
</testsuite> <!-- Scenarios.WalkinReservationLease.test -->
