<?xml version="1.0" encoding="UTF-8"?>
<!-- Generated by org.testng.reporters.JUnitReportReporter -->
<testsuite hostname="NIBC2466" name="Scenarios.AWB.AuctionWorkBench_Verify_DRA_PropertyFilters" tests="1" failures="0" timestamp="16 Nov 2016 10:11:51 GMT" time="313.932" errors="0">
  <testcase name="payment" time="313.932" classname="Scenarios.AWB.AuctionWorkBench_Verify_DRA_PropertyFilters"/>
</testsuite> <!-- Scenarios.AWB.AuctionWorkBench_Verify_DRA_PropertyFilters -->
