<?xml version="1.0" encoding="UTF-8"?>
<!-- Generated by org.testng.reporters.JUnitReportReporter -->
<testsuite hostname="NIBC2445" name="Scenarios.CustomerSearch.CustomerSearch_Zipcode_CompanyName_All" tests="1" failures="0" timestamp="21 Sep 2016 09:09:03 GMT" time="0.105" errors="0">
  <testcase name="Zipcode_CompanyName_All" time="0.105" classname="Scenarios.CustomerSearch.CustomerSearch_Zipcode_CompanyName_All"/>
</testsuite> <!-- Scenarios.CustomerSearch.CustomerSearch_Zipcode_CompanyName_All -->
