<?xml version="1.0" encoding="UTF-8"?>
<!-- Generated by org.testng.reporters.JUnitReportReporter -->
<testsuite hostname="NIBC2466" name="Scenarios.DTMCalls.DTM_Missed_Commitment_Call" tests="1" failures="0" timestamp="3 Nov 2016 06:38:13 GMT" time="68.441" errors="0">
  <testcase name="Reservation_Movein_Confirmation_1" time="68.441" classname="Scenarios.DTMCalls.DTM_Missed_Commitment_Call"/>
</testsuite> <!-- Scenarios.DTMCalls.DTM_Missed_Commitment_Call -->
