<?xml version="1.0" encoding="UTF-8"?>
<!-- Generated by org.testng.reporters.JUnitReportReporter -->
<testsuite hostname="NIBC2445" name="Scenarios.PhaseIDemo.CustomerSearch_ResNumSearch_13820" tests="1" failures="0" timestamp="12 Sep 2016 16:57:35 GMT" time="212.718" errors="0">
  <testcase name="ResNumSearch_13820" time="212.718" classname="Scenarios.PhaseIDemo.CustomerSearch_ResNumSearch_13820"/>
</testsuite> <!-- Scenarios.PhaseIDemo.CustomerSearch_ResNumSearch_13820 -->
