<?xml version="1.0" encoding="UTF-8"?>
<!-- Generated by org.testng.reporters.JUnitReportReporter -->
<testsuite hostname="NIBC2445" name="Scenarios.CustomerSearch.Advanced_Search_ZipCode_Identification" tests="1" failures="0" timestamp="21 Sep 2016 09:09:03 GMT" time="159.150" errors="0">
  <testcase name="Advanced_Search_ZipCode_Identification" time="159.150" classname="Scenarios.CustomerSearch.Advanced_Search_ZipCode_Identification"/>
</testsuite> <!-- Scenarios.CustomerSearch.Advanced_Search_ZipCode_Identification -->
