<?xml version="1.0" encoding="UTF-8"?>
<!-- Generated by org.testng.reporters.JUnitReportReporter -->
<testsuite hostname="NIBC2445" name="Scenarios.AutoPay.EnrollIntoAutopay_Ind_CreditCard" tests="1" failures="0" timestamp="28 Sep 2016 05:07:21 GMT" time="203.955" errors="0">
  <testcase name="EnrollIntoAutopay_Ind_CreditCard" time="203.955" classname="Scenarios.AutoPay.EnrollIntoAutopay_Ind_CreditCard"/>
</testsuite> <!-- Scenarios.AutoPay.EnrollIntoAutopay_Ind_CreditCard -->
