<?xml version="1.0" encoding="UTF-8"?>
<!-- Generated by org.testng.reporters.JUnitReportReporter -->
<testsuite hostname="NIBC2445" name="Scenarios.AutoPay.ViewAutoPayDetails_Check_Individual" tests="1" failures="0" timestamp="28 Sep 2016 06:04:19 GMT" time="230.179" errors="0">
  <testcase name="AutopayCheck" time="230.179" classname="Scenarios.AutoPay.ViewAutoPayDetails_Check_Individual"/>
</testsuite> <!-- Scenarios.AutoPay.ViewAutoPayDetails_Check_Individual -->
