<?xml version="1.0" encoding="UTF-8"?>
<!-- Generated by org.testng.reporters.JUnitReportReporter -->
<testsuite hostname="VPS18DEV003" name="Scenarios.Merchandise.ReturnMerchandise_PartialReturnOfItems_CreditCard" tests="1" failures="0" timestamp="9 Feb 2017 00:30:45 GMT" time="382.896" errors="0">
  <testcase name="payment" time="382.896" classname="Scenarios.Merchandise.ReturnMerchandise_PartialReturnOfItems_CreditCard"/>
</testsuite> <!-- Scenarios.Merchandise.ReturnMerchandise_PartialReturnOfItems_CreditCard -->
