<?xml version="1.0" encoding="UTF-8"?>
<!-- Generated by org.testng.reporters.JUnitReportReporter -->
<testsuite hostname="NIBC2466" name="Scenarios.AWB_V2.Verify_create_note_functions" tests="1" failures="0" timestamp="11 Jan 2017 14:39:58 GMT" time="446.814" errors="0">
  <testcase name="Verify_create_note_functions" time="446.814" classname="Scenarios.AWB_V2.Verify_create_note_functions"/>
</testsuite> <!-- Scenarios.AWB_V2.Verify_create_note_functions -->
