<?xml version="1.0" encoding="UTF-8"?>
<!-- Generated by org.testng.reporters.JUnitReportReporter -->
<testsuite hostname="NIBC2466" name="Scenarios.WalkinReservationLease.Reservation_Movein_missed" tests="1" failures="0" timestamp="11 Jan 2017 11:42:36 GMT" time="310.142" errors="0">
  <testcase name="Reservation_Movein_missed" time="310.142" classname="Scenarios.WalkinReservationLease.Reservation_Movein_missed"/>
</testsuite> <!-- Scenarios.WalkinReservationLease.Reservation_Movein_missed -->
