<?xml version="1.0" encoding="UTF-8"?>
<!-- Generated by org.testng.reporters.JUnitReportReporter -->
<testsuite hostname="NIBC2445" name="Scenarios.AutoPay.EnrollIntoAutopayThruLeasing_Individual_WithInsurance_WithoutTax_Check" tests="1" failures="0" timestamp="28 Sep 2016 14:46:43 GMT" time="1834.502" errors="0">
  <testcase name="leasing_13701" time="1834.502" classname="Scenarios.AutoPay.EnrollIntoAutopayThruLeasing_Individual_WithInsurance_WithoutTax_Check"/>
</testsuite> <!-- Scenarios.AutoPay.EnrollIntoAutopayThruLeasing_Individual_WithInsurance_WithoutTax_Check -->
