<?xml version="1.0" encoding="UTF-8"?>
<!-- Generated by org.testng.reporters.JUnitReportReporter -->
<testsuite hostname="NIBC2466" name="Scenarios.WalkinReservationLease.RestoreResv_NotOlder30days" tests="1" failures="0" timestamp="17 Jan 2017 07:02:46 GMT" time="265.942" errors="0">
  <testcase name="restoreRes_NotOld30Days" time="265.942" classname="Scenarios.WalkinReservationLease.RestoreResv_NotOlder30days"/>
</testsuite> <!-- Scenarios.WalkinReservationLease.RestoreResv_NotOlder30days -->
