<?xml version="1.0" encoding="UTF-8"?>
<!-- Generated by org.testng.reporters.JUnitReportReporter -->
<testsuite hostname="VPS18DEV003" name="Scenarios.Merchandise.BuyMerchandise_StandaloneSale_ItemSelection" tests="1" failures="0" timestamp="8 Feb 2017 18:38:22 GMT" time="117.319" errors="0">
  <testcase name="payment" time="117.319" classname="Scenarios.Merchandise.BuyMerchandise_StandaloneSale_ItemSelection"/>
</testsuite> <!-- Scenarios.Merchandise.BuyMerchandise_StandaloneSale_ItemSelection -->
