<?xml version="1.0" encoding="UTF-8"?>
<!-- Generated by org.testng.reporters.JUnitReportReporter -->
<testsuite hostname="NIBC2445" name="Scenarios.AutoPay.UnenrollAutopay_Bus_Check" tests="1" failures="0" timestamp="27 Sep 2016 17:07:08 GMT" time="215.276" errors="0">
  <testcase name="advSearchwithName" time="215.276" classname="Scenarios.AutoPay.UnenrollAutopay_Bus_Check"/>
</testsuite> <!-- Scenarios.AutoPay.UnenrollAutopay_Bus_Check -->
