<?xml version="1.0" encoding="UTF-8"?>
<!-- Generated by org.testng.reporters.JUnitReportReporter -->
<testsuite hostname="NIBC2466" name="Scenarios.DTMCalls.DTM_Commitment_Cal_reached" tests="1" failures="0" timestamp="12 Nov 2016 04:12:46 GMT" time="96.489" errors="0">
  <testcase name="DTM_Commitment_Call_reached" time="96.489" classname="Scenarios.DTMCalls.DTM_Commitment_Cal_reached"/>
</testsuite> <!-- Scenarios.DTMCalls.DTM_Commitment_Cal_reached -->
