<?xml version="1.0" encoding="UTF-8"?>
<!-- Generated by org.testng.reporters.JUnitReportReporter -->
<testsuite hostname="NIBC2283" name="testScripts_walkin_Reservation.Customer_walksinto_changespace_onreservation" tests="1" failures="0" timestamp="19 Aug 2016 11:21:09 GMT" time="0.230" errors="0">
  <testcase name="custWalkInto_ChngeSpcOnReservn" time="0.230" classname="testScripts_walkin_Reservation.Customer_walksinto_changespace_onreservation"/>
</testsuite> <!-- testScripts_walkin_Reservation.Customer_walksinto_changespace_onreservation -->
