<?xml version="1.0" encoding="UTF-8"?>
<!-- Generated by org.testng.reporters.JUnitReportReporter -->
<testsuite hostname="NIBC2445" name="Scenarios.CustomerSearch.CustomerSearch_Zipcode_CompanyName" tests="1" failures="0" timestamp="21 Sep 2016 09:09:03 GMT" time="261.860" errors="0">
  <testcase name="Zipcode_CompanyName" time="261.860" classname="Scenarios.CustomerSearch.CustomerSearch_Zipcode_CompanyName"/>
</testsuite> <!-- Scenarios.CustomerSearch.CustomerSearch_Zipcode_CompanyName -->
