<?xml version="1.0" encoding="UTF-8"?>
<!-- Generated by org.testng.reporters.JUnitReportReporter -->
<testsuite hostname="NIBC2445" name="Scenarios.AutoPay.AutoPayEnrollmentViaMakePayment_Business_Check" tests="1" failures="0" timestamp="27 Sep 2016 17:07:08 GMT" time="302.150" errors="0">
  <testcase name="autoPayEnroll_Business_Check" time="302.150" classname="Scenarios.AutoPay.AutoPayEnrollmentViaMakePayment_Business_Check"/>
</testsuite> <!-- Scenarios.AutoPay.AutoPayEnrollmentViaMakePayment_Business_Check -->
