<?xml version="1.0" encoding="UTF-8"?>
<!-- Generated by org.testng.reporters.JUnitReportReporter -->
<testsuite hostname="NIBC2445" name="Scenarios.PhaseI.CustomerSearch_FirstNameSearch_13353" tests="1" failures="0" timestamp="30 Aug 2016 10:23:39 GMT" time="303.066" errors="0">
  <testcase name="LastNameSearch_13353" time="303.066" classname="Scenarios.PhaseI.CustomerSearch_FirstNameSearch_13353"/>
</testsuite> <!-- Scenarios.PhaseI.CustomerSearch_FirstNameSearch_13353 -->
