<?xml version="1.0" encoding="UTF-8"?>
<!-- Generated by org.testng.reporters.JUnitReportReporter -->
<testsuite hostname="VPS18DEV003" name="Scenarios.MiscallaneousCharges.Verify_That_Misc_Charges_Can_Be_Added_For_Former_Customers" tests="1" failures="0" timestamp="22 Feb 2017 10:32:01 GMT" time="343.710" errors="0">
  <testcase name="Verify_That_Misc_Charges_Can_Be_Added_For_Former_Customers" time="343.710" classname="Scenarios.MiscallaneousCharges.Verify_That_Misc_Charges_Can_Be_Added_For_Former_Customers"/>
</testsuite> <!-- Scenarios.MiscallaneousCharges.Verify_That_Misc_Charges_Can_Be_Added_For_Former_Customers -->
