<?xml version="1.0" encoding="UTF-8"?>
<!-- Generated by org.testng.reporters.JUnitReportReporter -->
<testsuite hostname="NIBC2466" name="Scenarios.AWB.Validation_of_DM_Opposition_to_Lien_Sytem_No_Approved" tests="1" failures="0" timestamp="18 Nov 2016 15:35:30 GMT" time="190.568" errors="0">
  <testcase name="Validation_of_DM_Opposition_to_Lien_Sytem_No_Approved" time="190.568" classname="Scenarios.AWB.Validation_of_DM_Opposition_to_Lien_Sytem_No_Approved"/>
</testsuite> <!-- Scenarios.AWB.Validation_of_DM_Opposition_to_Lien_Sytem_No_Approved -->
