<?xml version="1.0" encoding="UTF-8"?>
<!-- Generated by org.testng.reporters.JUnitReportReporter -->
<testsuite hostname="NIBC2445" name="Scenarios.CustomerSearch.Advanced_Search_ZipCode_Phone_All" tests="1" failures="0" timestamp="21 Sep 2016 09:09:03 GMT" time="127.019" errors="0">
  <testcase name="Advanced_Search_ZipCode_Phone_All" time="127.019" classname="Scenarios.CustomerSearch.Advanced_Search_ZipCode_Phone_All"/>
</testsuite> <!-- Scenarios.CustomerSearch.Advanced_Search_ZipCode_Phone_All -->
