<?xml version="1.0" encoding="UTF-8"?>
<!-- Generated by org.testng.reporters.JUnitReportReporter -->
<testsuite hostname="NIBC2445" name="Scenarios.PS_AdvSearchwithName" tests="1" failures="0" timestamp="22 Aug 2016 12:55:47 GMT" time="87.469" errors="0">
  <testcase name="advSearchwithName" time="87.469" classname="Scenarios.PS_AdvSearchwithName"/>
</testsuite> <!-- Scenarios.PS_AdvSearchwithName -->
