<?xml version="1.0" encoding="UTF-8"?>
<!-- Generated by org.testng.reporters.JUnitReportReporter -->
<testsuite hostname="NIBC2445" name="Scenarios.CustomerSearch.CustomerSearch_Zipcode_FirstName" tests="1" failures="0" timestamp="21 Sep 2016 09:09:03 GMT" time="306.199" errors="0">
  <testcase name="Zipcode_FirstName" time="306.199" classname="Scenarios.CustomerSearch.CustomerSearch_Zipcode_FirstName"/>
</testsuite> <!-- Scenarios.CustomerSearch.CustomerSearch_Zipcode_FirstName -->
