<?xml version="1.0" encoding="UTF-8"?>
<!-- Generated by org.testng.reporters.JUnitReportReporter -->
<testsuite hostname="NIBC2445" name="Scenarios.CustomerSearch.CustomerSearch_SearchAllLocWithCompanyName_CurrRenting" tests="1" failures="0" timestamp="21 Sep 2016 09:09:03 GMT" time="188.220" errors="0">
  <testcase name="CustomerSearch_SearchAllLocWithCompanyName_CurrRenting" time="188.220" classname="Scenarios.CustomerSearch.CustomerSearch_SearchAllLocWithCompanyName_CurrRenting"/>
</testsuite> <!-- Scenarios.CustomerSearch.CustomerSearch_SearchAllLocWithCompanyName_CurrRenting -->
