<?xml version="1.0" encoding="UTF-8"?>
<!-- Generated by org.testng.reporters.JUnitReportReporter -->
<testsuite hostname="NIBC2466" name="Scenarios.AWB_V2.Verify_AuctionBuyer_with_name_auction_account_customer_account" tests="1" failures="0" timestamp="10 Jan 2017 16:07:47 GMT" time="246.253" errors="0">
  <testcase name="Verify_AuctionBuyer_with_name_auction_account_customer_account_mtd" time="246.253" classname="Scenarios.AWB_V2.Verify_AuctionBuyer_with_name_auction_account_customer_account"/>
</testsuite> <!-- Scenarios.AWB_V2.Verify_AuctionBuyer_with_name_auction_account_customer_account -->
