<?xml version="1.0" encoding="UTF-8"?>
<!-- Generated by org.testng.reporters.JUnitReportReporter -->
<testsuite hostname="NIBC2466" name="Scenarios.AWB.Verify_toseeall_scheduled_and_created_auctions" tests="1" failures="0" timestamp="17 Nov 2016 06:37:10 GMT" time="279.907" errors="0">
  <testcase name="Verify_toseeall_scheduled_and_created_auctions_method" time="279.907" classname="Scenarios.AWB.Verify_toseeall_scheduled_and_created_auctions"/>
</testsuite> <!-- Scenarios.AWB.Verify_toseeall_scheduled_and_created_auctions -->
