<?xml version="1.0" encoding="UTF-8"?>
<!-- Generated by org.testng.reporters.JUnitReportReporter -->
<testsuite hostname="NIBC2466" name="Scenarios.RMDashboard.Validate_move_appointments_module_by_district_numbers_shouldberight" tests="1" failures="0" timestamp="22 Nov 2016 12:57:07 GMT" time="43.629" errors="0">
  <testcase name="Validate_move_appointments_module_by_district_numbers_shouldberight" time="43.629" classname="Scenarios.RMDashboard.Validate_move_appointments_module_by_district_numbers_shouldberight"/>
</testsuite> <!-- Scenarios.RMDashboard.Validate_move_appointments_module_by_district_numbers_shouldberight -->
