<?xml version="1.0" encoding="UTF-8"?>
<!-- Generated by org.testng.reporters.JUnitReportReporter -->
<testsuite hostname="NIBC2445" name="Scenarios.CustomerSearch.AdvancedSearchUsingState_Email_All" tests="1" failures="0" timestamp="17 Sep 2016 13:43:06 GMT" time="189.598" errors="0">
  <testcase name="AdvancedSearchUsingState_FirstName" time="189.598" classname="Scenarios.CustomerSearch.AdvancedSearchUsingState_Email_All"/>
</testsuite> <!-- Scenarios.CustomerSearch.AdvancedSearchUsingState_Email_All -->
