<?xml version="1.0" encoding="UTF-8"?>
<!-- Generated by org.testng.reporters.JUnitReportReporter -->
<testsuite hostname="NIBC2445" name="Scenarios.PhaseI.AutoPay_13927" tests="1" failures="0" timestamp="30 Aug 2016 12:35:25 GMT" time="381.883" errors="0">
  <testcase name="autopay_13927" time="381.883" classname="Scenarios.PhaseI.AutoPay_13927"/>
</testsuite> <!-- Scenarios.PhaseI.AutoPay_13927 -->
