<?xml version="1.0" encoding="UTF-8"?>
<!-- Generated by org.testng.reporters.JUnitReportReporter -->
<testsuite hostname="NIBC2445" name="Scenarios.AutoPay.UnenrollAutopay_Ind_Creditcard" tests="1" failures="0" timestamp="27 Sep 2016 17:07:08 GMT" time="222.376" errors="0">
  <testcase name="advSearchwithName" time="222.376" classname="Scenarios.AutoPay.UnenrollAutopay_Ind_Creditcard"/>
</testsuite> <!-- Scenarios.AutoPay.UnenrollAutopay_Ind_Creditcard -->
