<?xml version="1.0" encoding="UTF-8"?>
<!-- Generated by org.testng.reporters.JUnitReportReporter -->
<testsuite hostname="NIBC2445" name="Scenarios.AutoPay.Enroll_autopay_leasing_business_check_with_ins_without_tax" tests="1" failures="0" timestamp="28 Sep 2016 12:43:54 GMT" time="344.434" errors="0">
  <testcase name="Enroll_autopay_leasing_Indi_check_with_ins_with_tax" time="344.434" classname="Scenarios.AutoPay.Enroll_autopay_leasing_business_check_with_ins_without_tax"/>
</testsuite> <!-- Scenarios.AutoPay.Enroll_autopay_leasing_business_check_with_ins_without_tax -->
