<?xml version="1.0" encoding="UTF-8"?>
<!-- Generated by org.testng.reporters.JUnitReportReporter -->
<testsuite hostname="VPS18DEV003" name="Scenarios.Merchandise.MerchandiseReturn_ExistingCustomer_PMDashboard" tests="1" failures="0" timestamp="8 Feb 2017 22:11:00 GMT" time="175.943" errors="0">
  <testcase name="MerchandiseReturn_ExistingCustomer_PMDashboard" time="175.943" classname="Scenarios.Merchandise.MerchandiseReturn_ExistingCustomer_PMDashboard"/>
</testsuite> <!-- Scenarios.Merchandise.MerchandiseReturn_ExistingCustomer_PMDashboard -->
