<?xml version="1.0" encoding="UTF-8"?>
<!-- Generated by org.testng.reporters.JUnitReportReporter -->
<testsuite hostname="NIBC2445" name="Scenarios.CustomerSearch.Advanced_Search_ZipCode_space_formercustomer" tests="1" failures="0" timestamp="21 Sep 2016 09:09:03 GMT" time="173.866" errors="0">
  <testcase name="Advanced_Search_ZipCode_space_formercustomer" time="173.866" classname="Scenarios.CustomerSearch.Advanced_Search_ZipCode_space_formercustomer"/>
</testsuite> <!-- Scenarios.CustomerSearch.Advanced_Search_ZipCode_space_formercustomer -->
