<?xml version="1.0" encoding="UTF-8"?>
<!-- Generated by org.testng.reporters.JUnitReportReporter -->
<testsuite hostname="NIBC2466" name="Scenarios.WalkinReservationLease.ExtendReservation_IndividualExistingCustomer" tests="1" failures="0" timestamp="22 Dec 2016 11:09:25 GMT" time="313.345" errors="0">
  <testcase name="ExtendReservation_IndividualExistingCustomer" time="313.345" classname="Scenarios.WalkinReservationLease.ExtendReservation_IndividualExistingCustomer"/>
</testsuite> <!-- Scenarios.WalkinReservationLease.ExtendReservation_IndividualExistingCustomer -->
