<?xml version="1.0" encoding="UTF-8"?>
<!-- Generated by org.testng.reporters.JUnitReportReporter -->
<testsuite hostname="NIBC2466" name="Scenarios.WalkinReservationLease.CreateReservation_NewCustomer_Business_PreReservation" tests="1" failures="0" timestamp="3 Jan 2017 12:30:01 GMT" time="292.589" errors="0">
  <testcase name="CreateReservation_NewCustomer_Business_PreReservation" time="292.589" classname="Scenarios.WalkinReservationLease.CreateReservation_NewCustomer_Business_PreReservation"/>
</testsuite> <!-- Scenarios.WalkinReservationLease.CreateReservation_NewCustomer_Business_PreReservation -->
