<?xml version="1.0" encoding="UTF-8"?>
<!-- Generated by org.testng.reporters.JUnitReportReporter -->
<testsuite hostname="NIBC2283" name="Scenarios.Demo2" tests="1" failures="0" timestamp="19 Aug 2016 05:57:06 GMT" time="0.239" errors="0">
  <testcase name="demo2" time="0.239" classname="Scenarios.Demo2"/>
</testsuite> <!-- Scenarios.Demo2 -->
