<?xml version="1.0" encoding="UTF-8"?>
<!-- Generated by org.testng.reporters.JUnitReportReporter -->
<testsuite hostname="NIBC2466" name="Scenarios.AWB_V2.Verify_uction_buyer_address_Phone_Email_ID" tests="1" failures="0" timestamp="10 Jan 2017 16:01:56 GMT" time="203.594" errors="0">
  <testcase name="Verify_uction_buyer_address_Phone_Email_ID" time="203.594" classname="Scenarios.AWB_V2.Verify_uction_buyer_address_Phone_Email_ID"/>
</testsuite> <!-- Scenarios.AWB_V2.Verify_uction_buyer_address_Phone_Email_ID -->
