<?xml version="1.0" encoding="UTF-8"?>
<!-- Generated by org.testng.reporters.JUnitReportReporter -->
<testsuite hostname="NIBC2445" name="Scenarios.AutoPay.UnenrollAutopay_Ind_Check" tests="1" failures="0" timestamp="28 Sep 2016 06:23:37 GMT" time="268.516" errors="0">
  <testcase name="advSearchwithName" time="268.516" classname="Scenarios.AutoPay.UnenrollAutopay_Ind_Check"/>
</testsuite> <!-- Scenarios.AutoPay.UnenrollAutopay_Ind_Check -->
