<?xml version="1.0" encoding="UTF-8"?>
<!-- Generated by org.testng.reporters.JUnitReportReporter -->
<testsuite hostname="NIBC2466" name="Scenarios.Leasing.Leasing_13705" tests="1" failures="0" timestamp="14 Oct 2016 20:12:39 GMT" time="30.776" errors="0">
  <testcase name="Leasing_13705" time="30.776" classname="Scenarios.Leasing.Leasing_13705"/>
</testsuite> <!-- Scenarios.Leasing.Leasing_13705 -->
