<?xml version="1.0" encoding="UTF-8"?>
<!-- Generated by org.testng.reporters.JUnitReportReporter -->
<testsuite hostname="NIBC2466" name="Scenarios.WalkinReservationLease.CreateReservation_NewCustomer_Individual_PreReservation" tests="1" failures="0" timestamp="12 Dec 2016 09:20:45 GMT" time="365.501" errors="0">
  <testcase name="CreateReservation_NewCustomer_Individual_PreReservation" time="365.501" classname="Scenarios.WalkinReservationLease.CreateReservation_NewCustomer_Individual_PreReservation"/>
</testsuite> <!-- Scenarios.WalkinReservationLease.CreateReservation_NewCustomer_Individual_PreReservation -->
