<?xml version="1.0" encoding="UTF-8"?>
<!-- Generated by org.testng.reporters.JUnitReportReporter -->
<testsuite hostname="NIBC2445" name="Scenarios.AutoPay.AutoPayEnrollmentViaMakePayment_Individual_Check" tests="1" failures="0" timestamp="27 Sep 2016 17:07:08 GMT" time="332.375" errors="0">
  <testcase name="autoPayEnroll_Individual_Check" time="332.375" classname="Scenarios.AutoPay.AutoPayEnrollmentViaMakePayment_Individual_Check"/>
</testsuite> <!-- Scenarios.AutoPay.AutoPayEnrollmentViaMakePayment_Individual_Check -->
