<?xml version="1.0" encoding="UTF-8"?>
<!-- Generated by org.testng.reporters.JUnitReportReporter -->
<testsuite hostname="NIBC2283" name="Scenarios.UploadFile" tests="1" failures="0" timestamp="17 Aug 2016 15:19:20 GMT" time="10.276" errors="0">
  <testcase name="upload" time="10.276" classname="Scenarios.UploadFile"/>
</testsuite> <!-- Scenarios.UploadFile -->
