<?xml version="1.0" encoding="UTF-8"?>
<!-- Generated by org.testng.reporters.JUnitReportReporter -->
<testsuite hostname="NIBC2445" name="Scenarios.CustomerSearch.CustomerSearch_AdvancedSearchusingAccountNum" tests="1" failures="0" timestamp="21 Sep 2016 09:09:03 GMT" time="24.444" errors="0">
  <testcase name="CustomerSearch_AdvancedSearchusingAccountNum" time="24.444" classname="Scenarios.CustomerSearch.CustomerSearch_AdvancedSearchusingAccountNum"/>
</testsuite> <!-- Scenarios.CustomerSearch.CustomerSearch_AdvancedSearchusingAccountNum -->
