<?xml version="1.0" encoding="UTF-8"?>
<!-- Generated by org.testng.reporters.JUnitReportReporter -->
<testsuite hostname="NIBC2445" name="Scenarios.Vacate.ChangeScheduleVacate_IndCustNextMonth" tests="1" failures="0" timestamp="3 Oct 2016 09:02:51 GMT" time="107.481" errors="0">
  <testcase name="ChangeScheduleVacate_IndCustNextMonth" time="107.481" classname="Scenarios.Vacate.ChangeScheduleVacate_IndCustNextMonth"/>
</testsuite> <!-- Scenarios.Vacate.ChangeScheduleVacate_IndCustNextMonth -->
