<?xml version="1.0" encoding="UTF-8"?>
<!-- Generated by org.testng.reporters.JUnitReportReporter -->
<testsuite hostname="NIBC2445" name="Scenarios.CustomerSearch.CustomerSearch_Zipcode_FirstName_FormerCustomer" tests="1" failures="0" timestamp="21 Sep 2016 09:09:03 GMT" time="229.966" errors="0">
  <testcase name="Zipcode_FirstName_formercustomer" time="229.966" classname="Scenarios.CustomerSearch.CustomerSearch_Zipcode_FirstName_FormerCustomer"/>
</testsuite> <!-- Scenarios.CustomerSearch.CustomerSearch_Zipcode_FirstName_FormerCustomer -->
