<?xml version="1.0" encoding="UTF-8"?>
<!-- Generated by org.testng.reporters.JUnitReportReporter -->
<testsuite hostname="NIBC2466" name="Scenarios.Leasing.Cancel_Lease_see_if_reservation_is_still_in_tact" tests="1" failures="0" timestamp="25 Nov 2016 14:25:43 GMT" time="307.550" errors="0">
  <testcase name="Cancel_Lease_see_if_reservation_is_still_in_tact" time="307.550" classname="Scenarios.Leasing.Cancel_Lease_see_if_reservation_is_still_in_tact"/>
</testsuite> <!-- Scenarios.Leasing.Cancel_Lease_see_if_reservation_is_still_in_tact -->
