<?xml version="1.0" encoding="UTF-8"?>
<!-- Generated by org.testng.reporters.JUnitReportReporter -->
<testsuite hostname="NIBC2445" name="Scenarios.AutoPay.ViewAutoPayDetails_CreditCard_Business" tests="1" failures="0" timestamp="27 Sep 2016 17:07:08 GMT" time="204.160" errors="0">
  <testcase name="ViewAutoPayDetails_CreditCard_Business" time="204.160" classname="Scenarios.AutoPay.ViewAutoPayDetails_CreditCard_Business"/>
</testsuite> <!-- Scenarios.AutoPay.ViewAutoPayDetails_CreditCard_Business -->
