<?xml version="1.0" encoding="UTF-8"?>
<!-- Generated by org.testng.reporters.JUnitReportReporter -->
<testsuite hostname="NIBC2445" name="Scenarios.CustomerSearch.AdvancedSearchUsingState_FirstName_All" tests="1" failures="0" timestamp="22 Sep 2016 07:20:41 GMT" time="178.867" errors="0">
  <testcase name="AdvancedSearchUsingState_FirstName" time="178.867" classname="Scenarios.CustomerSearch.AdvancedSearchUsingState_FirstName_All"/>
</testsuite> <!-- Scenarios.CustomerSearch.AdvancedSearchUsingState_FirstName_All -->
