<?xml version="1.0" encoding="UTF-8"?>
<!-- Generated by org.testng.reporters.JUnitReportReporter -->
<testsuite hostname="NIBC2445" name="Scenarios.AutoPay.ViewAutoPayDetails_CreditCard_Individual" tests="1" failures="0" timestamp="27 Sep 2016 17:07:08 GMT" time="188.362" errors="0">
  <testcase name="ViewAutoPayDetails_CreditCard_Individual" time="188.362" classname="Scenarios.AutoPay.ViewAutoPayDetails_CreditCard_Individual"/>
</testsuite> <!-- Scenarios.AutoPay.ViewAutoPayDetails_CreditCard_Individual -->
