<?xml version="1.0" encoding="UTF-8"?>
<!-- Generated by org.testng.reporters.JUnitReportReporter -->
<testsuite hostname="NIBC2466" name="Scenarios.Transfer.Transfer_transferSpace_month_to_nextmonth" tests="1" failures="0" timestamp="12 Oct 2016 16:44:12 GMT" time="140.958" errors="0">
  <testcase name="Transfer_transferSpace_month_to_nextmonth" time="140.958" classname="Scenarios.Transfer.Transfer_transferSpace_month_to_nextmonth"/>
</testsuite> <!-- Scenarios.Transfer.Transfer_transferSpace_month_to_nextmonth -->
