<?xml version="1.0" encoding="UTF-8"?>
<!-- Generated by org.testng.reporters.JUnitReportReporter -->
<testsuite hostname="NIBC2466" name="Scenarios.TransferSpace.Individual_AP_keepsource_channel_pricing_checked_Prepaid_customer" tests="1" failures="0" timestamp="8 Dec 2016 14:13:32 GMT" time="391.265" errors="0">
  <testcase name="Individual_AP_keepsource_channel_pricing_checked_Prepaid_customer" time="391.265" classname="Scenarios.TransferSpace.Individual_AP_keepsource_channel_pricing_checked_Prepaid_customer"/>
</testsuite> <!-- Scenarios.TransferSpace.Individual_AP_keepsource_channel_pricing_checked_Prepaid_customer -->
