<?xml version="1.0" encoding="UTF-8"?>
<!-- Generated by org.testng.reporters.JUnitReportReporter -->
<testsuite hostname="NIBC2466" name="Scenarios.AWB_V2.Edit_buyer_details_function" tests="1" failures="0" timestamp="11 Jan 2017 11:27:12 GMT" time="235.371" errors="0">
  <testcase name="Edit_buyer_details_function" time="235.371" classname="Scenarios.AWB_V2.Edit_buyer_details_function"/>
</testsuite> <!-- Scenarios.AWB_V2.Edit_buyer_details_function -->
