<?xml version="1.0" encoding="UTF-8"?>
<!-- Generated by org.testng.reporters.JUnitReportReporter -->
<testsuite hostname="NIBC2445" name="Scenarios.PhaseI.WalkInReservation_CustWlkInSeeHoldSpaceAndLease_13929" tests="1" failures="0" timestamp="30 Aug 2016 12:05:43 GMT" time="452.170" errors="0">
  <testcase name="WalkInReservation_CustWlkInSeeHoldSpaceAndLease_13929" time="452.170" classname="Scenarios.PhaseI.WalkInReservation_CustWlkInSeeHoldSpaceAndLease_13929"/>
</testsuite> <!-- Scenarios.PhaseI.WalkInReservation_CustWlkInSeeHoldSpaceAndLease_13929 -->
