<?xml version="1.0" encoding="UTF-8"?>
<!-- Generated by org.testng.reporters.JUnitReportReporter -->
<testsuite hostname="VPS18DEV003" name="Scenarios.InventoryMerchandise.Inventory_Management" tests="1" failures="0" timestamp="22 Feb 2017 07:21:47 GMT" time="599.345" errors="0">
  <testcase name="Inventory_Management" time="599.345" classname="Scenarios.InventoryMerchandise.Inventory_Management"/>
</testsuite> <!-- Scenarios.InventoryMerchandise.Inventory_Management -->
