<?xml version="1.0" encoding="UTF-8"?>
<!-- Generated by org.testng.reporters.JUnitReportReporter -->
<testsuite hostname="VPS18DEV003" name="Scenarios.Merchandise.ReturnMerchandise_Customer_WhoPaidBy_Check" tests="1" failures="0" timestamp="9 Feb 2017 19:03:47 GMT" time="200.810" errors="0">
  <testcase name="payment" time="200.810" classname="Scenarios.Merchandise.ReturnMerchandise_Customer_WhoPaidBy_Check"/>
</testsuite> <!-- Scenarios.Merchandise.ReturnMerchandise_Customer_WhoPaidBy_Check -->
