<?xml version="1.0" encoding="UTF-8"?>
<!-- Generated by org.testng.reporters.JUnitReportReporter -->
<testsuite hostname="NIBC2445" name="Scenarios.AutoPay.EnrollIntoAutopay_Bus_Check" tests="1" failures="0" timestamp="28 Sep 2016 05:07:21 GMT" time="260.127" errors="0">
  <testcase name="EnrollIntoAutopay_Bus_Check" time="260.127" classname="Scenarios.AutoPay.EnrollIntoAutopay_Bus_Check"/>
</testsuite> <!-- Scenarios.AutoPay.EnrollIntoAutopay_Bus_Check -->
