<?xml version="1.0" encoding="UTF-8"?>
<!-- Generated by org.testng.reporters.JUnitReportReporter -->
<testsuite hostname="NIBC2445" name="Scenarios.CustomerSearch.CustomerSearch_SearchAllLocWithSpaceNum_CurrRenting" tests="1" failures="0" timestamp="21 Sep 2016 09:09:03 GMT" time="237.372" errors="0">
  <testcase name="CustomerSearch_SearchAllLocWithSpaceNum_CurrRenting" time="237.372" classname="Scenarios.CustomerSearch.CustomerSearch_SearchAllLocWithSpaceNum_CurrRenting"/>
</testsuite> <!-- Scenarios.CustomerSearch.CustomerSearch_SearchAllLocWithSpaceNum_CurrRenting -->
