<?xml version="1.0" encoding="UTF-8"?>
<!-- Generated by org.testng.reporters.JUnitReportReporter -->
<testsuite hostname="NIBC2466" name="Scenarios.AWB.Create_new_auction_validate_date_restrictions" tests="1" failures="0" timestamp="18 Nov 2016 05:57:51 GMT" time="109.343" errors="0">
  <testcase name="Create_new_auction_validate_date_restrictions" time="109.343" classname="Scenarios.AWB.Create_new_auction_validate_date_restrictions"/>
</testsuite> <!-- Scenarios.AWB.Create_new_auction_validate_date_restrictions -->
