<?xml version="1.0" encoding="UTF-8"?>
<!-- Generated by org.testng.reporters.JUnitReportReporter -->
<testsuite hostname="NIBC2445" name="Scenarios.PhaseI.AutoPay_13696" tests="1" failures="0" timestamp="30 Aug 2016 09:08:02 GMT" time="119.896" errors="0">
  <testcase name="advSearchwithName" time="119.896" classname="Scenarios.PhaseI.AutoPay_13696"/>
</testsuite> <!-- Scenarios.PhaseI.AutoPay_13696 -->
