<?xml version="1.0" encoding="UTF-8"?>
<!-- Generated by org.testng.reporters.JUnitReportReporter -->
<testsuite hostname="NIBC2445" name="Scenarios.CustomerSearch.AdvancedSearchUsingState_LastName_CurrentlyRenting" tests="1" failures="0" timestamp="16 Sep 2016 11:02:02 GMT" time="118.612" errors="0">
  <testcase name="AdvancedSearchUsingState_FirstName" time="118.612" classname="Scenarios.CustomerSearch.AdvancedSearchUsingState_LastName_CurrentlyRenting"/>
</testsuite> <!-- Scenarios.CustomerSearch.AdvancedSearchUsingState_LastName_CurrentlyRenting -->
