<?xml version="1.0" encoding="UTF-8"?>
<!-- Generated by org.testng.reporters.JUnitReportReporter -->
<testsuite hostname="NIBC2466" name="Scenarios.Leasing.Leasing_LeaseAndVerifyIfYouCanAddAutopay" tests="1" failures="0" timestamp="13 Oct 2016 14:14:37 GMT" time="159.002" errors="0">
  <testcase name="Leasing_LeaseAndVerifyIfYouCanAddAutopay" time="159.002" classname="Scenarios.Leasing.Leasing_LeaseAndVerifyIfYouCanAddAutopay"/>
</testsuite> <!-- Scenarios.Leasing.Leasing_LeaseAndVerifyIfYouCanAddAutopay -->
