<?xml version="1.0" encoding="UTF-8"?>
<!-- Generated by org.testng.reporters.JUnitReportReporter -->
<testsuite hostname="NIBC2445" name="Scenarios.PhaseI.Leasing_13701" tests="1" failures="0" timestamp="14 Sep 2016 13:53:50 GMT" time="633.418" errors="0">
  <testcase name="leasing_13701" time="633.418" classname="Scenarios.PhaseI.Leasing_13701"/>
</testsuite> <!-- Scenarios.PhaseI.Leasing_13701 -->
