<?xml version="1.0" encoding="UTF-8"?>
<!-- Generated by org.testng.reporters.JUnitReportReporter -->
<testsuite hostname="NIBC2445" name="Scenarios.CustomerSearch.AdvancedSearchUsingState_FirstName" tests="1" failures="0" timestamp="15 Sep 2016 13:18:56 GMT" time="196.294" errors="0">
  <testcase name="AdvancedSearchUsingState_FirstName" time="196.294" classname="Scenarios.CustomerSearch.AdvancedSearchUsingState_FirstName"/>
</testsuite> <!-- Scenarios.CustomerSearch.AdvancedSearchUsingState_FirstName -->
