<?xml version="1.0" encoding="UTF-8"?>
<!-- Generated by org.testng.reporters.JUnitReportReporter -->
<testsuite hostname="NIBC2445" name="Scenarios.AutoPay.ViewAutoPayDetails_Check_Business" tests="1" failures="0" timestamp="27 Sep 2016 17:07:08 GMT" time="197.597" errors="0">
  <testcase name="AutopayCheck" time="197.597" classname="Scenarios.AutoPay.ViewAutoPayDetails_Check_Business"/>
</testsuite> <!-- Scenarios.AutoPay.ViewAutoPayDetails_Check_Business -->
