<?xml version="1.0" encoding="UTF-8"?>
<!-- Generated by org.testng.reporters.JUnitReportReporter -->
<testsuite hostname="NIBC2445" name="Scenarios.PhaseI.CustomerSearch_BasicSearch_13823" tests="1" failures="0" timestamp="30 Aug 2016 12:05:43 GMT" time="283.375" errors="0">
  <testcase name="BasicSearch_13823" time="283.375" classname="Scenarios.PhaseI.CustomerSearch_BasicSearch_13823"/>
</testsuite> <!-- Scenarios.PhaseI.CustomerSearch_BasicSearch_13823 -->
