<?xml version="1.0" encoding="UTF-8"?>
<!-- Generated by org.testng.reporters.JUnitReportReporter -->
<testsuite hostname="NIBC2466" name="Scenarios.DTMCalls.DTM_lien_Call_leftmessage" tests="1" failures="0" timestamp="7 Nov 2016 07:46:52 GMT" time="438.070" errors="0">
  <testcase name="Reservation_Movein_Confirmation_1" time="438.070" classname="Scenarios.DTMCalls.DTM_lien_Call_leftmessage"/>
</testsuite> <!-- Scenarios.DTMCalls.DTM_lien_Call_leftmessage -->
