<?xml version="1.0" encoding="UTF-8"?>
<!-- Generated by org.testng.reporters.JUnitReportReporter -->
<testsuite hostname="NIBC2466" name="Scenarios.Leasing.Leasing_LeaseForBusinessCustomer" tests="1" failures="0" timestamp="24 Oct 2016 11:28:10 GMT" time="321.073" errors="0">
  <testcase name="Leasing_LeaseForBusinessCustomer" time="321.073" classname="Scenarios.Leasing.Leasing_LeaseForBusinessCustomer"/>
</testsuite> <!-- Scenarios.Leasing.Leasing_LeaseForBusinessCustomer -->
