<?xml version="1.0" encoding="UTF-8"?>
<!-- Generated by org.testng.reporters.JUnitReportReporter -->
<testsuite hostname="NIBC2466" name="Scenarios.Leasing.Leasing_LeaseForIndividual" tests="1" failures="0" timestamp="21 Oct 2016 19:31:18 GMT" time="209.560" errors="0">
  <testcase name="Leasing_LeaseForIndividual" time="209.560" classname="Scenarios.Leasing.Leasing_LeaseForIndividual"/>
</testsuite> <!-- Scenarios.Leasing.Leasing_LeaseForIndividual -->
