<?xml version="1.0" encoding="UTF-8"?>
<!-- Generated by org.testng.reporters.JUnitReportReporter -->
<testsuite hostname="NIBC2466" name="Scenarios.WalkinReservationLease.Reservation_Movein_Confirmation_1" tests="1" failures="0" timestamp="22 Dec 2016 14:31:14 GMT" time="405.640" errors="0">
  <testcase name="Reservation_Movein_Confirmation" time="405.640" classname="Scenarios.WalkinReservationLease.Reservation_Movein_Confirmation_1"/>
</testsuite> <!-- Scenarios.WalkinReservationLease.Reservation_Movein_Confirmation_1 -->
