<?xml version="1.0" encoding="UTF-8"?>
<!-- Generated by org.testng.reporters.JUnitReportReporter -->
<testsuite hostname="NIBC2445" name="Scenarios.CustomerSearch.AdvancedSearchUsingState_Identification_FormerCustomer" tests="1" failures="0" timestamp="17 Sep 2016 13:43:06 GMT" time="132.365" errors="0">
  <testcase name="AdvancedSearchUsingState_FirstName" time="132.365" classname="Scenarios.CustomerSearch.AdvancedSearchUsingState_Identification_FormerCustomer"/>
</testsuite> <!-- Scenarios.CustomerSearch.AdvancedSearchUsingState_Identification_FormerCustomer -->
