<?xml version="1.0" encoding="UTF-8"?>
<!-- Generated by org.testng.reporters.JUnitReportReporter -->
<testsuite hostname="NIBC2466" name="Scenarios.WalkinReservationLease.CancelReservation_Individual_ExistingCustomer" tests="1" failures="0" timestamp="22 Dec 2016 11:15:47 GMT" time="169.493" errors="0">
  <testcase name="CancelReservation_Individual_ExistingCustomer" time="169.493" classname="Scenarios.WalkinReservationLease.CancelReservation_Individual_ExistingCustomer"/>
</testsuite> <!-- Scenarios.WalkinReservationLease.CancelReservation_Individual_ExistingCustomer -->
