<?xml version="1.0" encoding="UTF-8"?>
<!-- Generated by org.testng.reporters.JUnitReportReporter -->
<testsuite hostname="VPS18DEV003" name="Scenarios.Merchandise.StandaloneMerchandise_TransactionSystem_doesnotallowoverpayment_ExistingCustomer" tests="1" failures="0" timestamp="8 Feb 2017 22:27:04 GMT" time="158.183" errors="0">
  <testcase name="payment" time="158.183" classname="Scenarios.Merchandise.StandaloneMerchandise_TransactionSystem_doesnotallowoverpayment_ExistingCustomer"/>
</testsuite> <!-- Scenarios.Merchandise.StandaloneMerchandise_TransactionSystem_doesnotallowoverpayment_ExistingCustomer -->
