<?xml version="1.0" encoding="UTF-8"?>
<!-- Generated by org.testng.reporters.JUnitReportReporter -->
<testsuite hostname="NIBC2445" name="Scenarios.PhaseI.Leasing_13911" tests="1" failures="0" timestamp="30 Aug 2016 09:08:02 GMT" time="80.946" errors="0">
  <testcase name="Leasing_13911" time="80.946" classname="Scenarios.PhaseI.Leasing_13911"/>
</testsuite> <!-- Scenarios.PhaseI.Leasing_13911 -->
