<?xml version="1.0" encoding="UTF-8"?>
<!-- Generated by org.testng.reporters.JUnitReportReporter -->
<testsuite hostname="VPS18DEV003" name="Scenarios.CustomerDashboard.CustDash_Verify_CustomerInfo_SpaceDetails_AccActivities_Documents" tests="1" failures="0" timestamp="16 Feb 2017 12:43:10 GMT" time="278.713" errors="0">
  <testcase name="CustDash_Verify_CustomerInfo_SpaceDetails_AccActivities_Documents" time="278.713" classname="Scenarios.CustomerDashboard.CustDash_Verify_CustomerInfo_SpaceDetails_AccActivities_Documents"/>
</testsuite> <!-- Scenarios.CustomerDashboard.CustDash_Verify_CustomerInfo_SpaceDetails_AccActivities_Documents -->
