<?xml version="1.0" encoding="UTF-8"?>
<!-- Generated by org.testng.reporters.JUnitReportReporter -->
<testsuite hostname="NIBC2445" name="Scenarios.AutoPay.EnrollIntoAutopay_Bus_CreditCard" tests="1" failures="0" timestamp="27 Sep 2016 17:07:08 GMT" time="178.494" errors="0">
  <testcase name="EnrollIntoAutopay_Bus_CreditCard" time="178.494" classname="Scenarios.AutoPay.EnrollIntoAutopay_Bus_CreditCard"/>
</testsuite> <!-- Scenarios.AutoPay.EnrollIntoAutopay_Bus_CreditCard -->
