<?xml version="1.0" encoding="UTF-8"?>
<!-- Generated by org.testng.reporters.JUnitReportReporter -->
<testsuite hostname="NIBC2466" name="Scenarios.WalkinReservationLease.Reservation_Movein_ReminderCall" tests="1" failures="0" timestamp="19 Dec 2016 09:39:11 GMT" time="409.561" errors="0">
  <testcase name="Reservation_Movein_ReminderCall" time="409.561" classname="Scenarios.WalkinReservationLease.Reservation_Movein_ReminderCall"/>
</testsuite> <!-- Scenarios.WalkinReservationLease.Reservation_Movein_ReminderCall -->
