<?xml version="1.0" encoding="UTF-8"?>
<!-- Generated by org.testng.reporters.JUnitReportReporter -->
<testsuite hostname="NIBC2445" name="Scenarios.WalkinReservationLease.ExtendReservation_IndividualNewCustomer" tests="1" failures="0" timestamp="20 Sep 2016 06:55:55 GMT" time="294.469" errors="0">
  <testcase name="Leasing_13916" time="294.469" classname="Scenarios.WalkinReservationLease.ExtendReservation_IndividualNewCustomer"/>
</testsuite> <!-- Scenarios.WalkinReservationLease.ExtendReservation_IndividualNewCustomer -->
