<?xml version="1.0" encoding="UTF-8"?>
<!-- Generated by org.testng.reporters.JUnitReportReporter -->
<testsuite hostname="NIBC2466" name="Scenarios.AWB_V2.Edit_tax_exemption_function" tests="1" failures="0" timestamp="10 Jan 2017 16:37:51 GMT" time="277.524" errors="0">
  <testcase name="Edit_tax_exemption_function" time="277.524" classname="Scenarios.AWB_V2.Edit_tax_exemption_function"/>
</testsuite> <!-- Scenarios.AWB_V2.Edit_tax_exemption_function -->
