<?xml version="1.0" encoding="UTF-8"?>
<!-- Generated by org.testng.reporters.JUnitReportReporter -->
<testsuite hostname="NIBC2466" name="Scenarios.RMDashboard.Validate_move_appointments_module_by_district_numbers_shouldberight_DM" tests="1" failures="0" timestamp="22 Nov 2016 14:10:28 GMT" time="77.824" errors="0">
  <testcase name="Validate_move_appointments_module_by_district_numbers_shouldberight_DM" time="77.824" classname="Scenarios.RMDashboard.Validate_move_appointments_module_by_district_numbers_shouldberight_DM"/>
</testsuite> <!-- Scenarios.RMDashboard.Validate_move_appointments_module_by_district_numbers_shouldberight_DM -->
