<?xml version="1.0" encoding="UTF-8"?>
<!-- Generated by org.testng.reporters.JUnitReportReporter -->
<testsuite hostname="NIBC2445" name="Scenarios.CustomerSearch.CustomerSearch_Zipcode_LastName" tests="1" failures="0" timestamp="21 Sep 2016 09:09:03 GMT" time="270.721" errors="0">
  <testcase name="Zipcode_LastName" time="270.721" classname="Scenarios.CustomerSearch.CustomerSearch_Zipcode_LastName"/>
</testsuite> <!-- Scenarios.CustomerSearch.CustomerSearch_Zipcode_LastName -->
