<?xml version="1.0" encoding="UTF-8"?>
<!-- Generated by org.testng.reporters.JUnitReportReporter -->
<testsuite hostname="VPS18DEV003" name="Scenarios.CustomerDashboard.CustomerDashBoard_VerifyCustomerName_InformationOnHeader" tests="1" failures="0" timestamp="21 Feb 2017 08:43:05 GMT" time="175.916" errors="0">
  <testcase name="CustomerDashBoard_VerifyCustomerName_InformationOnHeader" time="175.916" classname="Scenarios.CustomerDashboard.CustomerDashBoard_VerifyCustomerName_InformationOnHeader"/>
</testsuite> <!-- Scenarios.CustomerDashboard.CustomerDashBoard_VerifyCustomerName_InformationOnHeader -->
