<?xml version="1.0" encoding="UTF-8"?>
<!-- Generated by org.testng.reporters.JUnitReportReporter -->
<testsuite hostname="NIBC2466" name="Scenarios.DTMCalls.DTM_Missed_Commitment_Call_reached" tests="1" failures="0" timestamp="3 Nov 2016 14:47:23 GMT" time="37.354" errors="0">
  <testcase name="Reservation_Movein_Confirmation_1" time="37.354" classname="Scenarios.DTMCalls.DTM_Missed_Commitment_Call_reached"/>
</testsuite> <!-- Scenarios.DTMCalls.DTM_Missed_Commitment_Call_reached -->
