<?xml version="1.0" encoding="UTF-8"?>
<!-- Generated by org.testng.reporters.JUnitReportReporter -->
<testsuite hostname="NIBC2466" name="Scenarios.WalkinReservationLease.Reservation_Movein_FollowupCall" tests="1" failures="0" timestamp="17 Jan 2017 12:11:56 GMT" time="470.040" errors="0">
  <testcase name="Reservation_Movein_FollowupCall" time="470.040" classname="Scenarios.WalkinReservationLease.Reservation_Movein_FollowupCall"/>
</testsuite> <!-- Scenarios.WalkinReservationLease.Reservation_Movein_FollowupCall -->
