<?xml version="1.0" encoding="UTF-8"?>
<!-- Generated by org.testng.reporters.JUnitReportReporter -->
<testsuite hostname="NIBC2466" name="Scenarios.DTMCalls.DTM_final_Cal_leftmsg" tests="1" failures="0" timestamp="11 Nov 2016 07:10:08 GMT" time="271.674" errors="0">
  <testcase name="DTM_final_Call_leftmsg" time="271.674" classname="Scenarios.DTMCalls.DTM_final_Cal_leftmsg"/>
</testsuite> <!-- Scenarios.DTMCalls.DTM_final_Cal_leftmsg -->
