<?xml version="1.0" encoding="UTF-8"?>
<!-- Generated by org.testng.reporters.JUnitReportReporter -->
<testsuite hostname="NIBC2445" name="Scenarios.PhaseIDemo.EnrollIntoAutopay" tests="1" failures="0" timestamp="13 Sep 2016 11:01:01 GMT" time="252.931" errors="0">
  <testcase name="advSearchwithName" time="252.931" classname="Scenarios.PhaseIDemo.EnrollIntoAutopay"/>
</testsuite> <!-- Scenarios.PhaseIDemo.EnrollIntoAutopay -->
