<?xml version="1.0" encoding="UTF-8"?>
<!-- Generated by org.testng.reporters.JUnitReportReporter -->
<testsuite hostname="NIBC2466" name="Scenarios.MiscallaneousCharges.Verify_That_Misc_Charges_Can_Be_Added_For_Customer_Having_Currently_Renting_Spaces" tests="1" failures="0" timestamp="9 Nov 2016 07:37:56 GMT" time="235.593" errors="0">
  <testcase name="Customer_MiscellaneousCharges_testcase" time="235.593" classname="Scenarios.MiscallaneousCharges.Verify_That_Misc_Charges_Can_Be_Added_For_Customer_Having_Currently_Renting_Spaces"/>
</testsuite> <!-- Scenarios.MiscallaneousCharges.Verify_That_Misc_Charges_Can_Be_Added_For_Customer_Having_Currently_Renting_Spaces -->
