<?xml version="1.0" encoding="UTF-8"?>
<!-- Generated by org.testng.reporters.JUnitReportReporter -->
<testsuite hostname="NIBC2466" name="Scenarios.Leasing.Leasing_LeaseFromWalkIn" tests="1" failures="0" timestamp="26 Oct 2016 10:27:34 GMT" time="52.030" errors="0">
  <testcase name="Leasing_LeaseFromWalkIn" time="52.030" classname="Scenarios.Leasing.Leasing_LeaseFromWalkIn"/>
</testsuite> <!-- Scenarios.Leasing.Leasing_LeaseFromWalkIn -->
