<?xml version="1.0" encoding="UTF-8"?>
<!-- Generated by org.testng.reporters.JUnitReportReporter -->
<testsuite hostname="NIBC2445" name="Scenarios.CustomerSearch.CustomerSearch_ReservationsearchusingName" tests="1" failures="0" timestamp="21 Sep 2016 09:09:03 GMT" time="41.021" errors="0">
  <testcase name="CustomerSearch_ReservationsearchusingName" time="41.021" classname="Scenarios.CustomerSearch.CustomerSearch_ReservationsearchusingName"/>
</testsuite> <!-- Scenarios.CustomerSearch.CustomerSearch_ReservationsearchusingName -->
