<?xml version="1.0" encoding="UTF-8"?>
<!-- Generated by org.testng.reporters.JUnitReportReporter -->
<testsuite hostname="NIBC2466" name="Scenarios.WalkinReservationLease.Reservation_Movein_Confirmation_3" tests="1" failures="0" timestamp="18 Jan 2017 12:51:24 GMT" time="342.287" errors="0">
  <testcase name="Reservation_Movein_Confirmation_3" time="342.287" classname="Scenarios.WalkinReservationLease.Reservation_Movein_Confirmation_3"/>
</testsuite> <!-- Scenarios.WalkinReservationLease.Reservation_Movein_Confirmation_3 -->
