<?xml version="1.0" encoding="UTF-8"?>
<!-- Generated by org.testng.reporters.JUnitReportReporter -->
<testsuite hostname="NIBC2445" name="Scenarios.PhaseI.WalkInReservation_CustWalkInToResSpace_13449" tests="1" failures="0" timestamp="30 Aug 2016 12:05:43 GMT" time="280.024" errors="0">
  <testcase name="WalkInReservation_CustWalkInToResSpace_13449" time="280.024" classname="Scenarios.PhaseI.WalkInReservation_CustWalkInToResSpace_13449"/>
</testsuite> <!-- Scenarios.PhaseI.WalkInReservation_CustWalkInToResSpace_13449 -->
