<?xml version="1.0" encoding="UTF-8"?>
<!-- Generated by org.testng.reporters.JUnitReportReporter -->
<testsuite hostname="VPS18DEV003" name="Scenarios.Merchandise.ReturnMerchandise_Customer_WhoPaidBy_CreditCard" tests="1" failures="0" timestamp="14 Feb 2017 23:50:51 GMT" time="86.467" errors="0">
  <testcase name="payment" time="86.467" classname="Scenarios.Merchandise.ReturnMerchandise_Customer_WhoPaidBy_CreditCard"/>
</testsuite> <!-- Scenarios.Merchandise.ReturnMerchandise_Customer_WhoPaidBy_CreditCard -->
