<?xml version="1.0" encoding="UTF-8"?>
<!-- Generated by org.testng.reporters.JUnitReportReporter -->
<testsuite hostname="NIBC2466" name="Scenarios.WalkinReservationLease.CancelReservation_Business_ExistingCustomer" tests="1" failures="0" timestamp="21 Dec 2016 10:08:04 GMT" time="90.648" errors="0">
  <testcase name="CancelReservation_Business_ExistingCustomer" time="90.648" classname="Scenarios.WalkinReservationLease.CancelReservation_Business_ExistingCustomer"/>
</testsuite> <!-- Scenarios.WalkinReservationLease.CancelReservation_Business_ExistingCustomer -->
