<?xml version="1.0" encoding="UTF-8"?>
<!-- Generated by org.testng.reporters.JUnitReportReporter -->
<testsuite hostname="NIBC2466" name="Scenarios.WalkinReservationLease.CreateReservation_Existing_Business_PreReservation" tests="1" failures="0" timestamp="22 Dec 2016 10:56:37 GMT" time="232.133" errors="0">
  <testcase name="CreateReservation_Existing_Business_PreReservation_mtd" time="232.133" classname="Scenarios.WalkinReservationLease.CreateReservation_Existing_Business_PreReservation"/>
</testsuite> <!-- Scenarios.WalkinReservationLease.CreateReservation_Existing_Business_PreReservation -->
