<?xml version="1.0" encoding="UTF-8"?>
<!-- Generated by org.testng.reporters.JUnitReportReporter -->
<testsuite hostname="NIBC2466" name="Scenarios.DTMCalls.DTM_final_Cal_reachedl" tests="1" failures="0" timestamp="8 Nov 2016 07:33:02 GMT" time="290.426" errors="0">
  <testcase name="DTM_final_Cal_reached" time="290.426" classname="Scenarios.DTMCalls.DTM_final_Cal_reachedl"/>
</testsuite> <!-- Scenarios.DTMCalls.DTM_final_Cal_reachedl -->
