<?xml version="1.0" encoding="UTF-8"?>
<!-- Generated by org.testng.reporters.JUnitReportReporter -->
<testsuite hostname="NIBC2466" name="Scenarios.DTMCalls.DTM_lien_Call_reached" tests="1" failures="0" timestamp="19 Nov 2016 10:32:49 GMT" time="131.317" errors="0">
  <testcase name="DTM_lien_Call_reached_method" time="131.317" classname="Scenarios.DTMCalls.DTM_lien_Call_reached"/>
</testsuite> <!-- Scenarios.DTMCalls.DTM_lien_Call_reached -->
